{"/Users/ericsohng/Rithm/Week_7/express-jobly/app.js": {"path":"/Users/ericsohng/Rithm/Week_7/express-jobly/app.js","statementMap":{"0":{"start":{"line":5,"column":16},"end":{"line":5,"column":34}},"1":{"start":{"line":6,"column":13},"end":{"line":6,"column":28}},"2":{"start":{"line":8,"column":26},"end":{"line":8,"column":51}},"3":{"start":{"line":10,"column":28},"end":{"line":10,"column":56}},"4":{"start":{"line":11,"column":19},"end":{"line":11,"column":43}},"5":{"start":{"line":12,"column":24},"end":{"line":12,"column":53}},"6":{"start":{"line":13,"column":20},"end":{"line":13,"column":45}},"7":{"start":{"line":14,"column":19},"end":{"line":14,"column":43}},"8":{"start":{"line":16,"column":15},"end":{"line":16,"column":32}},"9":{"start":{"line":18,"column":12},"end":{"line":18,"column":21}},"10":{"start":{"line":20,"column":0},"end":{"line":20,"column":16}},"11":{"start":{"line":21,"column":0},"end":{"line":21,"column":24}},"12":{"start":{"line":22,"column":0},"end":{"line":22,"column":24}},"13":{"start":{"line":23,"column":0},"end":{"line":23,"column":25}},"14":{"start":{"line":25,"column":0},"end":{"line":25,"column":29}},"15":{"start":{"line":26,"column":0},"end":{"line":26,"column":39}},"16":{"start":{"line":27,"column":0},"end":{"line":27,"column":31}},"17":{"start":{"line":28,"column":0},"end":{"line":28,"column":29}},"18":{"start":{"line":31,"column":0},"end":{"line":33,"column":3}},"19":{"start":{"line":32,"column":1},"end":{"line":32,"column":27}},"20":{"start":{"line":36,"column":0},"end":{"line":44,"column":3}},"21":{"start":{"line":37,"column":1},"end":{"line":37,"column":63}},"22":{"start":{"line":37,"column":38},"end":{"line":37,"column":63}},"23":{"start":{"line":38,"column":16},"end":{"line":38,"column":33}},"24":{"start":{"line":39,"column":17},"end":{"line":39,"column":28}},"25":{"start":{"line":41,"column":1},"end":{"line":43,"column":4}},"26":{"start":{"line":46,"column":0},"end":{"line":46,"column":21}}},"fnMap":{"0":{"name":"(anonymous_0)","decl":{"start":{"line":31,"column":8},"end":{"line":31,"column":9}},"loc":{"start":{"line":31,"column":34},"end":{"line":33,"column":1}},"line":31},"1":{"name":"(anonymous_1)","decl":{"start":{"line":36,"column":8},"end":{"line":36,"column":9}},"loc":{"start":{"line":36,"column":39},"end":{"line":44,"column":1}},"line":36}},"branchMap":{"0":{"loc":{"start":{"line":37,"column":1},"end":{"line":37,"column":63}},"type":"if","locations":[{"start":{"line":37,"column":1},"end":{"line":37,"column":63}},{"start":{},"end":{}}],"line":37},"1":{"loc":{"start":{"line":38,"column":16},"end":{"line":38,"column":33}},"type":"binary-expr","locations":[{"start":{"line":38,"column":16},"end":{"line":38,"column":26}},{"start":{"line":38,"column":30},"end":{"line":38,"column":33}}],"line":38}},"s":{"0":5,"1":5,"2":5,"3":5,"4":5,"5":5,"6":5,"7":5,"8":5,"9":5,"10":5,"11":5,"12":5,"13":5,"14":5,"15":5,"16":5,"17":5,"18":5,"19":2,"20":5,"21":42,"22":1,"23":42,"24":42,"25":42,"26":5},"f":{"0":2,"1":42},"b":{"0":[1,41],"1":[42,2]},"_coverageSchema":"1a1c01bbd47fc00a2c39e90264f33305004495a9","hash":"a98f2a33f9bc2c8bc4f1ada4c6c718f18c612577"}
,"/Users/ericsohng/Rithm/Week_7/express-jobly/config.js": {"path":"/Users/ericsohng/Rithm/Week_7/express-jobly/config.js","statementMap":{"0":{"start":{"line":5,"column":0},"end":{"line":5,"column":27}},"1":{"start":{"line":6,"column":0},"end":{"line":6,"column":18}},"2":{"start":{"line":8,"column":19},"end":{"line":8,"column":57}},"3":{"start":{"line":10,"column":13},"end":{"line":10,"column":38}},"4":{"start":{"line":14,"column":2},"end":{"line":16,"column":44}},"5":{"start":{"line":22,"column":27},"end":{"line":22,"column":67}},"6":{"start":{"line":24,"column":0},"end":{"line":24,"column":35}},"7":{"start":{"line":25,"column":0},"end":{"line":25,"column":46}},"8":{"start":{"line":26,"column":0},"end":{"line":26,"column":45}},"9":{"start":{"line":27,"column":0},"end":{"line":27,"column":61}},"10":{"start":{"line":28,"column":0},"end":{"line":28,"column":50}},"11":{"start":{"line":29,"column":0},"end":{"line":29,"column":19}},"12":{"start":{"line":31,"column":0},"end":{"line":36,"column":2}}},"fnMap":{"0":{"name":"getDatabaseUri","decl":{"start":{"line":13,"column":9},"end":{"line":13,"column":23}},"loc":{"start":{"line":13,"column":26},"end":{"line":17,"column":1}},"line":13}},"branchMap":{"0":{"loc":{"start":{"line":8,"column":19},"end":{"line":8,"column":57}},"type":"binary-expr","locations":[{"start":{"line":8,"column":19},"end":{"line":8,"column":41}},{"start":{"line":8,"column":45},"end":{"line":8,"column":57}}],"line":8},"1":{"loc":{"start":{"line":10,"column":13},"end":{"line":10,"column":38}},"type":"binary-expr","locations":[{"start":{"line":10,"column":13},"end":{"line":10,"column":30}},{"start":{"line":10,"column":34},"end":{"line":10,"column":38}}],"line":10},"2":{"loc":{"start":{"line":14,"column":9},"end":{"line":16,"column":43}},"type":"cond-expr","locations":[{"start":{"line":15,"column":8},"end":{"line":15,"column":20}},{"start":{"line":16,"column":8},"end":{"line":16,"column":43}}],"line":14},"3":{"loc":{"start":{"line":16,"column":8},"end":{"line":16,"column":43}},"type":"binary-expr","locations":[{"start":{"line":16,"column":8},"end":{"line":16,"column":32}},{"start":{"line":16,"column":36},"end":{"line":16,"column":43}}],"line":16},"4":{"loc":{"start":{"line":22,"column":27},"end":{"line":22,"column":67}},"type":"cond-expr","locations":[{"start":{"line":22,"column":61},"end":{"line":22,"column":62}},{"start":{"line":22,"column":65},"end":{"line":22,"column":67}}],"line":22}},"s":{"0":11,"1":11,"2":11,"3":11,"4":22,"5":11,"6":11,"7":11,"8":11,"9":11,"10":11,"11":11,"12":11},"f":{"0":22},"b":{"0":[11,10],"1":[11,10],"2":[19,3],"3":[3,1],"4":[10,1]},"_coverageSchema":"1a1c01bbd47fc00a2c39e90264f33305004495a9","hash":"70eecf55f06a085e7cac85095fbe0108cf4f0fd5"}
,"/Users/ericsohng/Rithm/Week_7/express-jobly/db.js": {"path":"/Users/ericsohng/Rithm/Week_7/express-jobly/db.js","statementMap":{"0":{"start":{"line":5,"column":19},"end":{"line":5,"column":32}},"1":{"start":{"line":6,"column":27},"end":{"line":6,"column":46}},"2":{"start":{"line":8,"column":11},"end":{"line":10,"column":2}},"3":{"start":{"line":12,"column":0},"end":{"line":12,"column":13}},"4":{"start":{"line":14,"column":0},"end":{"line":14,"column":20}}},"fnMap":{},"branchMap":{},"s":{"0":8,"1":8,"2":8,"3":8,"4":8},"f":{},"b":{},"_coverageSchema":"1a1c01bbd47fc00a2c39e90264f33305004495a9","hash":"2146f83caddee03777866dd28b615576427bade5"}
,"/Users/ericsohng/Rithm/Week_7/express-jobly/expressError.js": {"path":"/Users/ericsohng/Rithm/Week_7/express-jobly/expressError.js","statementMap":{"0":{"start":{"line":9,"column":4},"end":{"line":9,"column":12}},"1":{"start":{"line":10,"column":4},"end":{"line":10,"column":27}},"2":{"start":{"line":11,"column":4},"end":{"line":11,"column":25}},"3":{"start":{"line":19,"column":4},"end":{"line":19,"column":24}},"4":{"start":{"line":27,"column":4},"end":{"line":27,"column":24}},"5":{"start":{"line":35,"column":4},"end":{"line":35,"column":24}},"6":{"start":{"line":43,"column":4},"end":{"line":43,"column":24}},"7":{"start":{"line":47,"column":0},"end":{"line":53,"column":2}}},"fnMap":{"0":{"name":"(anonymous_0)","decl":{"start":{"line":8,"column":2},"end":{"line":8,"column":3}},"loc":{"start":{"line":8,"column":31},"end":{"line":12,"column":3}},"line":8},"1":{"name":"(anonymous_1)","decl":{"start":{"line":18,"column":2},"end":{"line":18,"column":3}},"loc":{"start":{"line":18,"column":37},"end":{"line":20,"column":3}},"line":18},"2":{"name":"(anonymous_2)","decl":{"start":{"line":26,"column":2},"end":{"line":26,"column":3}},"loc":{"start":{"line":26,"column":40},"end":{"line":28,"column":3}},"line":26},"3":{"name":"(anonymous_3)","decl":{"start":{"line":34,"column":2},"end":{"line":34,"column":3}},"loc":{"start":{"line":34,"column":39},"end":{"line":36,"column":3}},"line":34},"4":{"name":"(anonymous_4)","decl":{"start":{"line":42,"column":2},"end":{"line":42,"column":3}},"loc":{"start":{"line":42,"column":39},"end":{"line":44,"column":3}},"line":42}},"branchMap":{"0":{"loc":{"start":{"line":18,"column":14},"end":{"line":18,"column":35}},"type":"default-arg","locations":[{"start":{"line":18,"column":24},"end":{"line":18,"column":35}}],"line":18},"1":{"loc":{"start":{"line":26,"column":14},"end":{"line":26,"column":38}},"type":"default-arg","locations":[{"start":{"line":26,"column":24},"end":{"line":26,"column":38}}],"line":26},"2":{"loc":{"start":{"line":34,"column":14},"end":{"line":34,"column":37}},"type":"default-arg","locations":[{"start":{"line":34,"column":24},"end":{"line":34,"column":37}}],"line":34},"3":{"loc":{"start":{"line":42,"column":14},"end":{"line":42,"column":37}},"type":"default-arg","locations":[{"start":{"line":42,"column":24},"end":{"line":42,"column":37}}],"line":42}},"s":{"0":67,"1":67,"2":67,"3":17,"4":25,"5":25,"6":0,"7":10},"f":{"0":67,"1":17,"2":25,"3":25,"4":0},"b":{"0":[2],"1":[21],"2":[0],"3":[0]},"_coverageSchema":"1a1c01bbd47fc00a2c39e90264f33305004495a9","hash":"b7707e32d9ce11e90b282f6520bb161716a756b1"}
,"/Users/ericsohng/Rithm/Week_7/express-jobly/helpers/sql.js": {"path":"/Users/ericsohng/Rithm/Week_7/express-jobly/helpers/sql.js","statementMap":{"0":{"start":{"line":1,"column":28},"end":{"line":1,"column":54}},"1":{"start":{"line":25,"column":14},"end":{"line":25,"column":39}},"2":{"start":{"line":26,"column":1},"end":{"line":26,"column":61}},"3":{"start":{"line":26,"column":24},"end":{"line":26,"column":61}},"4":{"start":{"line":29,"column":14},"end":{"line":31,"column":2}},"5":{"start":{"line":30,"column":20},"end":{"line":30,"column":66}},"6":{"start":{"line":33,"column":1},"end":{"line":36,"column":3}},"7":{"start":{"line":39,"column":0},"end":{"line":39,"column":41}}},"fnMap":{"0":{"name":"sqlForPartialUpdate","decl":{"start":{"line":24,"column":9},"end":{"line":24,"column":28}},"loc":{"start":{"line":24,"column":52},"end":{"line":37,"column":1}},"line":24},"1":{"name":"(anonymous_1)","decl":{"start":{"line":30,"column":2},"end":{"line":30,"column":3}},"loc":{"start":{"line":30,"column":20},"end":{"line":30,"column":66}},"line":30}},"branchMap":{"0":{"loc":{"start":{"line":26,"column":1},"end":{"line":26,"column":61}},"type":"if","locations":[{"start":{"line":26,"column":1},"end":{"line":26,"column":61}},{"start":{},"end":{}}],"line":26},"1":{"loc":{"start":{"line":30,"column":24},"end":{"line":30,"column":51}},"type":"binary-expr","locations":[{"start":{"line":30,"column":24},"end":{"line":30,"column":40}},{"start":{"line":30,"column":44},"end":{"line":30,"column":51}}],"line":30}},"s":{"0":9,"1":20,"2":20,"3":4,"4":16,"5":35,"6":16,"7":9},"f":{"0":20,"1":35},"b":{"0":[4,16],"1":[35,21]},"_coverageSchema":"1a1c01bbd47fc00a2c39e90264f33305004495a9","hash":"7b0ea020e3fcf0b4c871980dbd7cbd916f366f20"}
,"/Users/ericsohng/Rithm/Week_7/express-jobly/helpers/tokens.js": {"path":"/Users/ericsohng/Rithm/Week_7/express-jobly/helpers/tokens.js","statementMap":{"0":{"start":{"line":1,"column":12},"end":{"line":1,"column":35}},"1":{"start":{"line":2,"column":23},"end":{"line":2,"column":43}},"2":{"start":{"line":7,"column":2},"end":{"line":8,"column":58}},"3":{"start":{"line":10,"column":16},"end":{"line":13,"column":3}},"4":{"start":{"line":15,"column":2},"end":{"line":15,"column":39}},"5":{"start":{"line":18,"column":0},"end":{"line":18,"column":33}}},"fnMap":{"0":{"name":"createToken","decl":{"start":{"line":6,"column":9},"end":{"line":6,"column":20}},"loc":{"start":{"line":6,"column":27},"end":{"line":16,"column":1}},"line":6}},"branchMap":{"0":{"loc":{"start":{"line":12,"column":13},"end":{"line":12,"column":34}},"type":"binary-expr","locations":[{"start":{"line":12,"column":13},"end":{"line":12,"column":25}},{"start":{"line":12,"column":29},"end":{"line":12,"column":34}}],"line":12}},"s":{"0":6,"1":6,"2":15,"3":15,"4":15,"5":6},"f":{"0":15},"b":{"0":[15,8]},"_coverageSchema":"1a1c01bbd47fc00a2c39e90264f33305004495a9","hash":"0c39659deaa04d5170af589789fd0311921324a8"}
,"/Users/ericsohng/Rithm/Week_7/express-jobly/middleware/auth.js": {"path":"/Users/ericsohng/Rithm/Week_7/express-jobly/middleware/auth.js","statementMap":{"0":{"start":{"line":5,"column":12},"end":{"line":5,"column":35}},"1":{"start":{"line":6,"column":23},"end":{"line":6,"column":43}},"2":{"start":{"line":7,"column":30},"end":{"line":7,"column":56}},"3":{"start":{"line":18,"column":1},"end":{"line":27,"column":2}},"4":{"start":{"line":19,"column":21},"end":{"line":19,"column":61}},"5":{"start":{"line":20,"column":2},"end":{"line":23,"column":3}},"6":{"start":{"line":21,"column":17},"end":{"line":21,"column":61}},"7":{"start":{"line":22,"column":3},"end":{"line":22,"column":51}},"8":{"start":{"line":24,"column":2},"end":{"line":24,"column":16}},"9":{"start":{"line":26,"column":2},"end":{"line":26,"column":16}},"10":{"start":{"line":36,"column":1},"end":{"line":41,"column":2}},"11":{"start":{"line":37,"column":2},"end":{"line":37,"column":54}},"12":{"start":{"line":37,"column":24},"end":{"line":37,"column":54}},"13":{"start":{"line":38,"column":2},"end":{"line":38,"column":16}},"14":{"start":{"line":40,"column":2},"end":{"line":40,"column":19}},"15":{"start":{"line":50,"column":1},"end":{"line":56,"column":2}},"16":{"start":{"line":51,"column":2},"end":{"line":52,"column":33}},"17":{"start":{"line":52,"column":3},"end":{"line":52,"column":33}},"18":{"start":{"line":53,"column":2},"end":{"line":53,"column":16}},"19":{"start":{"line":55,"column":2},"end":{"line":55,"column":19}},"20":{"start":{"line":62,"column":14},"end":{"line":62,"column":29}},"21":{"start":{"line":64,"column":1},"end":{"line":72,"column":2}},"22":{"start":{"line":65,"column":2},"end":{"line":69,"column":3}},"23":{"start":{"line":66,"column":3},"end":{"line":66,"column":33}},"24":{"start":{"line":68,"column":3},"end":{"line":68,"column":17}},"25":{"start":{"line":71,"column":2},"end":{"line":71,"column":19}},"26":{"start":{"line":75,"column":0},"end":{"line":80,"column":2}}},"fnMap":{"0":{"name":"authenticateJWT","decl":{"start":{"line":17,"column":9},"end":{"line":17,"column":24}},"loc":{"start":{"line":17,"column":41},"end":{"line":28,"column":1}},"line":17},"1":{"name":"ensureLoggedIn","decl":{"start":{"line":35,"column":9},"end":{"line":35,"column":23}},"loc":{"start":{"line":35,"column":40},"end":{"line":42,"column":1}},"line":35},"2":{"name":"ensureIsAdmin","decl":{"start":{"line":49,"column":9},"end":{"line":49,"column":22}},"loc":{"start":{"line":49,"column":39},"end":{"line":57,"column":1}},"line":49},"3":{"name":"ensureCorrectUserOrAdmin","decl":{"start":{"line":61,"column":9},"end":{"line":61,"column":33}},"loc":{"start":{"line":61,"column":50},"end":{"line":73,"column":1}},"line":61}},"branchMap":{"0":{"loc":{"start":{"line":19,"column":21},"end":{"line":19,"column":61}},"type":"binary-expr","locations":[{"start":{"line":19,"column":21},"end":{"line":19,"column":32}},{"start":{"line":19,"column":36},"end":{"line":19,"column":61}}],"line":19},"1":{"loc":{"start":{"line":20,"column":2},"end":{"line":23,"column":3}},"type":"if","locations":[{"start":{"line":20,"column":2},"end":{"line":23,"column":3}},{"start":{},"end":{}}],"line":20},"2":{"loc":{"start":{"line":37,"column":2},"end":{"line":37,"column":54}},"type":"if","locations":[{"start":{"line":37,"column":2},"end":{"line":37,"column":54}},{"start":{},"end":{}}],"line":37},"3":{"loc":{"start":{"line":51,"column":2},"end":{"line":52,"column":33}},"type":"if","locations":[{"start":{"line":51,"column":2},"end":{"line":52,"column":33}},{"start":{},"end":{}}],"line":51},"4":{"loc":{"start":{"line":51,"column":6},"end":{"line":51,"column":50}},"type":"binary-expr","locations":[{"start":{"line":51,"column":6},"end":{"line":51,"column":22}},{"start":{"line":51,"column":26},"end":{"line":51,"column":50}}],"line":51},"5":{"loc":{"start":{"line":65,"column":2},"end":{"line":69,"column":3}},"type":"if","locations":[{"start":{"line":65,"column":2},"end":{"line":69,"column":3}},{"start":{"line":67,"column":9},"end":{"line":69,"column":3}}],"line":65},"6":{"loc":{"start":{"line":65,"column":8},"end":{"line":65,"column":71}},"type":"binary-expr","locations":[{"start":{"line":65,"column":8},"end":{"line":65,"column":12}},{"start":{"line":65,"column":17},"end":{"line":65,"column":54}},{"start":{"line":65,"column":58},"end":{"line":65,"column":70}}],"line":65}},"s":{"0":6,"1":6,"2":6,"3":66,"4":66,"5":66,"6":41,"7":41,"8":65,"9":1,"10":2,"11":2,"12":1,"13":1,"14":1,"15":31,"16":31,"17":12,"18":19,"19":12,"20":22,"21":22,"22":22,"23":8,"24":14,"25":8,"26":6},"f":{"0":66,"1":2,"2":31,"3":22},"b":{"0":[66,65],"1":[41,25],"2":[1,1],"3":[12,19],"4":[31,26],"5":[8,14],"6":[22,18,11]},"_coverageSchema":"1a1c01bbd47fc00a2c39e90264f33305004495a9","hash":"8b894f7cfbf878d9cd85b544b64bd1a62095e46c"}
,"/Users/ericsohng/Rithm/Week_7/express-jobly/models/_testCommon.js": {"path":"/Users/ericsohng/Rithm/Week_7/express-jobly/models/_testCommon.js","statementMap":{"0":{"start":{"line":1,"column":15},"end":{"line":1,"column":32}},"1":{"start":{"line":3,"column":11},"end":{"line":3,"column":30}},"2":{"start":{"line":4,"column":31},"end":{"line":4,"column":51}},"3":{"start":{"line":8,"column":2},"end":{"line":8,"column":42}},"4":{"start":{"line":10,"column":2},"end":{"line":10,"column":38}},"5":{"start":{"line":11,"column":2},"end":{"line":11,"column":37}},"6":{"start":{"line":13,"column":2},"end":{"line":17,"column":55}},"7":{"start":{"line":19,"column":2},"end":{"line":33,"column":4}},"8":{"start":{"line":35,"column":2},"end":{"line":46,"column":4}},"9":{"start":{"line":50,"column":2},"end":{"line":50,"column":26}},"10":{"start":{"line":54,"column":2},"end":{"line":54,"column":29}},"11":{"start":{"line":58,"column":2},"end":{"line":58,"column":17}},"12":{"start":{"line":61,"column":0},"end":{"line":66,"column":2}}},"fnMap":{"0":{"name":"commonBeforeAll","decl":{"start":{"line":6,"column":15},"end":{"line":6,"column":30}},"loc":{"start":{"line":6,"column":33},"end":{"line":47,"column":1}},"line":6},"1":{"name":"commonBeforeEach","decl":{"start":{"line":49,"column":15},"end":{"line":49,"column":31}},"loc":{"start":{"line":49,"column":34},"end":{"line":51,"column":1}},"line":49},"2":{"name":"commonAfterEach","decl":{"start":{"line":53,"column":15},"end":{"line":53,"column":30}},"loc":{"start":{"line":53,"column":33},"end":{"line":55,"column":1}},"line":53},"3":{"name":"commonAfterAll","decl":{"start":{"line":57,"column":15},"end":{"line":57,"column":29}},"loc":{"start":{"line":57,"column":32},"end":{"line":59,"column":1}},"line":57}},"branchMap":{},"s":{"0":3,"1":3,"2":3,"3":3,"4":3,"5":3,"6":3,"7":3,"8":3,"9":47,"10":47,"11":3,"12":3},"f":{"0":3,"1":47,"2":47,"3":3},"b":{},"_coverageSchema":"1a1c01bbd47fc00a2c39e90264f33305004495a9","hash":"2faf04ffe1d85d76be7e610a703d090bd72991fb"}
,"/Users/ericsohng/Rithm/Week_7/express-jobly/models/company.js": {"path":"/Users/ericsohng/Rithm/Week_7/express-jobly/models/company.js","statementMap":{"0":{"start":{"line":3,"column":11},"end":{"line":3,"column":27}},"1":{"start":{"line":4,"column":43},"end":{"line":4,"column":69}},"2":{"start":{"line":5,"column":32},"end":{"line":5,"column":57}},"3":{"start":{"line":20,"column":25},"end":{"line":25,"column":3}},"4":{"start":{"line":27,"column":2},"end":{"line":28,"column":61}},"5":{"start":{"line":28,"column":3},"end":{"line":28,"column":61}},"6":{"start":{"line":30,"column":17},"end":{"line":41,"column":3}},"7":{"start":{"line":42,"column":18},"end":{"line":42,"column":32}},"8":{"start":{"line":44,"column":2},"end":{"line":44,"column":17}},"9":{"start":{"line":53,"column":23},"end":{"line":61,"column":3}},"10":{"start":{"line":62,"column":2},"end":{"line":62,"column":27}},"11":{"start":{"line":74,"column":34},"end":{"line":74,"column":76}},"12":{"start":{"line":76,"column":23},"end":{"line":86,"column":3}},"13":{"start":{"line":87,"column":2},"end":{"line":87,"column":27}},"14":{"start":{"line":109,"column":2},"end":{"line":113,"column":3}},"15":{"start":{"line":110,"column":3},"end":{"line":112,"column":5}},"16":{"start":{"line":115,"column":15},"end":{"line":115,"column":35}},"17":{"start":{"line":116,"column":17},"end":{"line":116,"column":39}},"18":{"start":{"line":117,"column":13},"end":{"line":117,"column":15}},"19":{"start":{"line":119,"column":2},"end":{"line":130,"column":3}},"20":{"start":{"line":119,"column":15},"end":{"line":119,"column":16}},"21":{"start":{"line":120,"column":3},"end":{"line":129,"column":4}},"22":{"start":{"line":121,"column":4},"end":{"line":121,"column":38}},"23":{"start":{"line":122,"column":4},"end":{"line":122,"column":33}},"24":{"start":{"line":123,"column":10},"end":{"line":129,"column":4}},"25":{"start":{"line":124,"column":4},"end":{"line":124,"column":44}},"26":{"start":{"line":125,"column":10},"end":{"line":129,"column":4}},"27":{"start":{"line":126,"column":4},"end":{"line":126,"column":44}},"28":{"start":{"line":128,"column":4},"end":{"line":128,"column":66}},"29":{"start":{"line":132,"column":2},"end":{"line":135,"column":4}},"30":{"start":{"line":147,"column":21},"end":{"line":156,"column":3}},"31":{"start":{"line":158,"column":18},"end":{"line":158,"column":36}},"32":{"start":{"line":160,"column":2},"end":{"line":160,"column":65}},"33":{"start":{"line":160,"column":16},"end":{"line":160,"column":65}},"34":{"start":{"line":162,"column":2},"end":{"line":162,"column":17}},"35":{"start":{"line":178,"column":30},"end":{"line":181,"column":4}},"36":{"start":{"line":182,"column":23},"end":{"line":182,"column":48}},"37":{"start":{"line":184,"column":19},"end":{"line":188,"column":100}},"38":{"start":{"line":189,"column":17},"end":{"line":189,"column":62}},"39":{"start":{"line":190,"column":18},"end":{"line":190,"column":32}},"40":{"start":{"line":192,"column":2},"end":{"line":192,"column":65}},"41":{"start":{"line":192,"column":16},"end":{"line":192,"column":65}},"42":{"start":{"line":194,"column":2},"end":{"line":194,"column":17}},"43":{"start":{"line":203,"column":17},"end":{"line":209,"column":3}},"44":{"start":{"line":210,"column":18},"end":{"line":210,"column":32}},"45":{"start":{"line":212,"column":2},"end":{"line":212,"column":65}},"46":{"start":{"line":212,"column":16},"end":{"line":212,"column":65}},"47":{"start":{"line":216,"column":0},"end":{"line":216,"column":25}}},"fnMap":{"0":{"name":"(anonymous_0)","decl":{"start":{"line":19,"column":1},"end":{"line":19,"column":2}},"loc":{"start":{"line":19,"column":75},"end":{"line":45,"column":2}},"line":19},"1":{"name":"(anonymous_1)","decl":{"start":{"line":52,"column":1},"end":{"line":52,"column":2}},"loc":{"start":{"line":52,"column":24},"end":{"line":63,"column":2}},"line":52},"2":{"name":"(anonymous_2)","decl":{"start":{"line":73,"column":1},"end":{"line":73,"column":2}},"loc":{"start":{"line":73,"column":36},"end":{"line":88,"column":2}},"line":73},"3":{"name":"(anonymous_3)","decl":{"start":{"line":108,"column":1},"end":{"line":108,"column":2}},"loc":{"start":{"line":108,"column":43},"end":{"line":136,"column":2}},"line":108},"4":{"name":"(anonymous_4)","decl":{"start":{"line":146,"column":1},"end":{"line":146,"column":2}},"loc":{"start":{"line":146,"column":26},"end":{"line":163,"column":2}},"line":146},"5":{"name":"(anonymous_5)","decl":{"start":{"line":177,"column":1},"end":{"line":177,"column":2}},"loc":{"start":{"line":177,"column":35},"end":{"line":195,"column":2}},"line":177},"6":{"name":"(anonymous_6)","decl":{"start":{"line":202,"column":1},"end":{"line":202,"column":2}},"loc":{"start":{"line":202,"column":29},"end":{"line":213,"column":2}},"line":202}},"branchMap":{"0":{"loc":{"start":{"line":27,"column":2},"end":{"line":28,"column":61}},"type":"if","locations":[{"start":{"line":27,"column":2},"end":{"line":28,"column":61}},{"start":{},"end":{}}],"line":27},"1":{"loc":{"start":{"line":109,"column":2},"end":{"line":113,"column":3}},"type":"if","locations":[{"start":{"line":109,"column":2},"end":{"line":113,"column":3}},{"start":{},"end":{}}],"line":109},"2":{"loc":{"start":{"line":120,"column":3},"end":{"line":129,"column":4}},"type":"if","locations":[{"start":{"line":120,"column":3},"end":{"line":129,"column":4}},{"start":{"line":123,"column":10},"end":{"line":129,"column":4}}],"line":120},"3":{"loc":{"start":{"line":123,"column":10},"end":{"line":129,"column":4}},"type":"if","locations":[{"start":{"line":123,"column":10},"end":{"line":129,"column":4}},{"start":{"line":125,"column":10},"end":{"line":129,"column":4}}],"line":123},"4":{"loc":{"start":{"line":125,"column":10},"end":{"line":129,"column":4}},"type":"if","locations":[{"start":{"line":125,"column":10},"end":{"line":129,"column":4}},{"start":{"line":127,"column":10},"end":{"line":129,"column":4}}],"line":125},"5":{"loc":{"start":{"line":160,"column":2},"end":{"line":160,"column":65}},"type":"if","locations":[{"start":{"line":160,"column":2},"end":{"line":160,"column":65}},{"start":{},"end":{}}],"line":160},"6":{"loc":{"start":{"line":192,"column":2},"end":{"line":192,"column":65}},"type":"if","locations":[{"start":{"line":192,"column":2},"end":{"line":192,"column":65}},{"start":{},"end":{}}],"line":192},"7":{"loc":{"start":{"line":212,"column":2},"end":{"line":212,"column":65}},"type":"if","locations":[{"start":{"line":212,"column":2},"end":{"line":212,"column":65}},{"start":{},"end":{}}],"line":212}},"s":{"0":6,"1":6,"2":6,"3":16,"4":16,"5":1,"6":15,"7":15,"8":15,"9":3,"10":2,"11":8,"12":5,"13":5,"14":13,"15":2,"16":11,"17":11,"18":11,"19":11,"20":11,"21":19,"22":7,"23":7,"24":12,"25":6,"26":6,"27":3,"28":3,"29":8,"30":5,"31":5,"32":5,"33":2,"34":3,"35":6,"36":5,"37":5,"38":5,"39":5,"40":5,"41":2,"42":3,"43":4,"44":4,"45":4,"46":2,"47":6},"f":{"0":16,"1":3,"2":8,"3":13,"4":5,"5":6,"6":4},"b":{"0":[1,15],"1":[2,11],"2":[7,12],"3":[6,6],"4":[3,3],"5":[2,3],"6":[2,3],"7":[2,2]},"_coverageSchema":"1a1c01bbd47fc00a2c39e90264f33305004495a9","hash":"44cc4b30d8fe4c4738cd43194b1b2dad84126996"}
,"/Users/ericsohng/Rithm/Week_7/express-jobly/models/job.js": {"path":"/Users/ericsohng/Rithm/Week_7/express-jobly/models/job.js","statementMap":{"0":{"start":{"line":3,"column":11},"end":{"line":3,"column":27}},"1":{"start":{"line":4,"column":43},"end":{"line":4,"column":69}},"2":{"start":{"line":5,"column":32},"end":{"line":5,"column":57}},"3":{"start":{"line":20,"column":25},"end":{"line":23,"column":3}},"4":{"start":{"line":27,"column":2},"end":{"line":28,"column":74}},"5":{"start":{"line":28,"column":3},"end":{"line":28,"column":74}},"6":{"start":{"line":30,"column":17},"end":{"line":40,"column":3}},"7":{"start":{"line":41,"column":14},"end":{"line":41,"column":28}},"8":{"start":{"line":43,"column":2},"end":{"line":43,"column":13}},"9":{"start":{"line":52,"column":18},"end":{"line":60,"column":3}},"10":{"start":{"line":61,"column":2},"end":{"line":61,"column":22}},"11":{"start":{"line":72,"column":17},"end":{"line":81,"column":3}},"12":{"start":{"line":83,"column":14},"end":{"line":83,"column":28}},"13":{"start":{"line":85,"column":2},"end":{"line":85,"column":53}},"14":{"start":{"line":85,"column":12},"end":{"line":85,"column":53}},"15":{"start":{"line":87,"column":2},"end":{"line":87,"column":13}},"16":{"start":{"line":103,"column":30},"end":{"line":105,"column":4}},"17":{"start":{"line":106,"column":19},"end":{"line":106,"column":44}},"18":{"start":{"line":108,"column":19},"end":{"line":112,"column":79}},"19":{"start":{"line":113,"column":17},"end":{"line":113,"column":58}},"20":{"start":{"line":114,"column":14},"end":{"line":114,"column":28}},"21":{"start":{"line":116,"column":2},"end":{"line":116,"column":61}},"22":{"start":{"line":116,"column":12},"end":{"line":116,"column":61}},"23":{"start":{"line":118,"column":2},"end":{"line":118,"column":13}},"24":{"start":{"line":127,"column":17},"end":{"line":133,"column":3}},"25":{"start":{"line":134,"column":14},"end":{"line":134,"column":28}},"26":{"start":{"line":136,"column":2},"end":{"line":136,"column":61}},"27":{"start":{"line":136,"column":12},"end":{"line":136,"column":61}},"28":{"start":{"line":140,"column":0},"end":{"line":140,"column":21}}},"fnMap":{"0":{"name":"(anonymous_0)","decl":{"start":{"line":19,"column":1},"end":{"line":19,"column":2}},"loc":{"start":{"line":19,"column":63},"end":{"line":44,"column":2}},"line":19},"1":{"name":"(anonymous_1)","decl":{"start":{"line":51,"column":1},"end":{"line":51,"column":2}},"loc":{"start":{"line":51,"column":24},"end":{"line":62,"column":2}},"line":51},"2":{"name":"(anonymous_2)","decl":{"start":{"line":71,"column":1},"end":{"line":71,"column":2}},"loc":{"start":{"line":71,"column":22},"end":{"line":88,"column":2}},"line":71},"3":{"name":"(anonymous_3)","decl":{"start":{"line":102,"column":1},"end":{"line":102,"column":2}},"loc":{"start":{"line":102,"column":31},"end":{"line":119,"column":2}},"line":102},"4":{"name":"(anonymous_4)","decl":{"start":{"line":126,"column":1},"end":{"line":126,"column":2}},"loc":{"start":{"line":126,"column":25},"end":{"line":137,"column":2}},"line":126}},"branchMap":{"0":{"loc":{"start":{"line":27,"column":2},"end":{"line":28,"column":74}},"type":"if","locations":[{"start":{"line":27,"column":2},"end":{"line":28,"column":74}},{"start":{},"end":{}}],"line":27},"1":{"loc":{"start":{"line":85,"column":2},"end":{"line":85,"column":53}},"type":"if","locations":[{"start":{"line":85,"column":2},"end":{"line":85,"column":53}},{"start":{},"end":{}}],"line":85},"2":{"loc":{"start":{"line":116,"column":2},"end":{"line":116,"column":61}},"type":"if","locations":[{"start":{"line":116,"column":2},"end":{"line":116,"column":61}},{"start":{},"end":{}}],"line":116},"3":{"loc":{"start":{"line":136,"column":2},"end":{"line":136,"column":61}},"type":"if","locations":[{"start":{"line":136,"column":2},"end":{"line":136,"column":61}},{"start":{},"end":{}}],"line":136}},"s":{"0":6,"1":6,"2":6,"3":4,"4":4,"5":1,"6":3,"7":3,"8":3,"9":1,"10":1,"11":2,"12":2,"13":2,"14":1,"15":1,"16":4,"17":3,"18":3,"19":3,"20":3,"21":3,"22":1,"23":2,"24":2,"25":2,"26":2,"27":1,"28":6},"f":{"0":4,"1":1,"2":2,"3":4,"4":2},"b":{"0":[1,3],"1":[1,1],"2":[1,2],"3":[1,1]},"_coverageSchema":"1a1c01bbd47fc00a2c39e90264f33305004495a9","hash":"b7f78cd881e66889c232dbc0f853da29abff151c"}
,"/Users/ericsohng/Rithm/Week_7/express-jobly/models/user.js": {"path":"/Users/ericsohng/Rithm/Week_7/express-jobly/models/user.js","statementMap":{"0":{"start":{"line":3,"column":11},"end":{"line":3,"column":27}},"1":{"start":{"line":4,"column":15},"end":{"line":4,"column":32}},"2":{"start":{"line":5,"column":32},"end":{"line":5,"column":57}},"3":{"start":{"line":10,"column":4},"end":{"line":10,"column":30}},"4":{"start":{"line":12,"column":31},"end":{"line":12,"column":54}},"5":{"start":{"line":26,"column":19},"end":{"line":36,"column":5}},"6":{"start":{"line":38,"column":17},"end":{"line":38,"column":31}},"7":{"start":{"line":40,"column":4},"end":{"line":47,"column":5}},"8":{"start":{"line":42,"column":22},"end":{"line":42,"column":67}},"9":{"start":{"line":43,"column":6},"end":{"line":46,"column":7}},"10":{"start":{"line":44,"column":8},"end":{"line":44,"column":29}},"11":{"start":{"line":45,"column":8},"end":{"line":45,"column":20}},"12":{"start":{"line":49,"column":4},"end":{"line":49,"column":61}},"13":{"start":{"line":67,"column":27},"end":{"line":72,"column":5}},"14":{"start":{"line":74,"column":4},"end":{"line":76,"column":5}},"15":{"start":{"line":75,"column":6},"end":{"line":75,"column":67}},"16":{"start":{"line":78,"column":27},"end":{"line":78,"column":74}},"17":{"start":{"line":80,"column":19},"end":{"line":91,"column":5}},"18":{"start":{"line":93,"column":17},"end":{"line":93,"column":31}},"19":{"start":{"line":95,"column":4},"end":{"line":95,"column":16}},"20":{"start":{"line":104,"column":19},"end":{"line":112,"column":5}},"21":{"start":{"line":114,"column":4},"end":{"line":114,"column":23}},"22":{"start":{"line":126,"column":20},"end":{"line":135,"column":5}},"23":{"start":{"line":137,"column":17},"end":{"line":137,"column":32}},"24":{"start":{"line":139,"column":4},"end":{"line":139,"column":63}},"25":{"start":{"line":139,"column":15},"end":{"line":139,"column":63}},"26":{"start":{"line":141,"column":4},"end":{"line":141,"column":16}},"27":{"start":{"line":162,"column":4},"end":{"line":164,"column":5}},"28":{"start":{"line":163,"column":6},"end":{"line":163,"column":75}},"29":{"start":{"line":166,"column":32},"end":{"line":170,"column":6}},"30":{"start":{"line":171,"column":27},"end":{"line":171,"column":52}},"31":{"start":{"line":173,"column":21},"end":{"line":180,"column":54}},"32":{"start":{"line":181,"column":19},"end":{"line":181,"column":66}},"33":{"start":{"line":182,"column":17},"end":{"line":182,"column":31}},"34":{"start":{"line":184,"column":4},"end":{"line":184,"column":63}},"35":{"start":{"line":184,"column":15},"end":{"line":184,"column":63}},"36":{"start":{"line":186,"column":4},"end":{"line":186,"column":25}},"37":{"start":{"line":187,"column":4},"end":{"line":187,"column":16}},"38":{"start":{"line":193,"column":17},"end":{"line":199,"column":5}},"39":{"start":{"line":200,"column":17},"end":{"line":200,"column":31}},"40":{"start":{"line":202,"column":4},"end":{"line":202,"column":63}},"41":{"start":{"line":202,"column":15},"end":{"line":202,"column":63}},"42":{"start":{"line":206,"column":0},"end":{"line":206,"column":22}}},"fnMap":{"0":{"name":"(anonymous_0)","decl":{"start":{"line":24,"column":2},"end":{"line":24,"column":3}},"loc":{"start":{"line":24,"column":48},"end":{"line":50,"column":3}},"line":24},"1":{"name":"(anonymous_1)","decl":{"start":{"line":59,"column":2},"end":{"line":59,"column":3}},"loc":{"start":{"line":66,"column":5},"end":{"line":96,"column":3}},"line":66},"2":{"name":"(anonymous_2)","decl":{"start":{"line":103,"column":2},"end":{"line":103,"column":3}},"loc":{"start":{"line":103,"column":25},"end":{"line":115,"column":3}},"line":103},"3":{"name":"(anonymous_3)","decl":{"start":{"line":125,"column":2},"end":{"line":125,"column":3}},"loc":{"start":{"line":125,"column":29},"end":{"line":142,"column":3}},"line":125},"4":{"name":"(anonymous_4)","decl":{"start":{"line":161,"column":2},"end":{"line":161,"column":3}},"loc":{"start":{"line":161,"column":38},"end":{"line":188,"column":3}},"line":161},"5":{"name":"(anonymous_5)","decl":{"start":{"line":192,"column":2},"end":{"line":192,"column":3}},"loc":{"start":{"line":192,"column":32},"end":{"line":203,"column":3}},"line":192}},"branchMap":{"0":{"loc":{"start":{"line":40,"column":4},"end":{"line":47,"column":5}},"type":"if","locations":[{"start":{"line":40,"column":4},"end":{"line":47,"column":5}},{"start":{},"end":{}}],"line":40},"1":{"loc":{"start":{"line":43,"column":6},"end":{"line":46,"column":7}},"type":"if","locations":[{"start":{"line":43,"column":6},"end":{"line":46,"column":7}},{"start":{},"end":{}}],"line":43},"2":{"loc":{"start":{"line":74,"column":4},"end":{"line":76,"column":5}},"type":"if","locations":[{"start":{"line":74,"column":4},"end":{"line":76,"column":5}},{"start":{},"end":{}}],"line":74},"3":{"loc":{"start":{"line":139,"column":4},"end":{"line":139,"column":63}},"type":"if","locations":[{"start":{"line":139,"column":4},"end":{"line":139,"column":63}},{"start":{},"end":{}}],"line":139},"4":{"loc":{"start":{"line":162,"column":4},"end":{"line":164,"column":5}},"type":"if","locations":[{"start":{"line":162,"column":4},"end":{"line":164,"column":5}},{"start":{},"end":{}}],"line":162},"5":{"loc":{"start":{"line":184,"column":4},"end":{"line":184,"column":63}},"type":"if","locations":[{"start":{"line":184,"column":4},"end":{"line":184,"column":63}},{"start":{},"end":{}}],"line":184},"6":{"loc":{"start":{"line":202,"column":4},"end":{"line":202,"column":63}},"type":"if","locations":[{"start":{"line":202,"column":4},"end":{"line":202,"column":63}},{"start":{},"end":{}}],"line":202}},"s":{"0":6,"1":6,"2":6,"3":6,"4":6,"5":7,"6":7,"7":7,"8":4,"9":4,"10":3,"11":3,"12":4,"13":19,"14":19,"15":1,"16":18,"17":18,"18":18,"19":18,"20":3,"21":2,"22":5,"23":5,"24":5,"25":2,"26":3,"27":8,"28":2,"29":8,"30":7,"31":7,"32":7,"33":7,"34":7,"35":2,"36":5,"37":5,"38":5,"39":5,"40":5,"41":2,"42":6},"f":{"0":7,"1":19,"2":3,"3":5,"4":8,"5":5},"b":{"0":[4,3],"1":[3,1],"2":[1,18],"3":[2,3],"4":[2,6],"5":[2,5],"6":[2,3]},"_coverageSchema":"1a1c01bbd47fc00a2c39e90264f33305004495a9","hash":"2720ef3d3d1144ff5e4f7fef23f49a2cdc7ff506"}
,"/Users/ericsohng/Rithm/Week_7/express-jobly/routes/_testCommon.js": {"path":"/Users/ericsohng/Rithm/Week_7/express-jobly/routes/_testCommon.js","statementMap":{"0":{"start":{"line":3,"column":11},"end":{"line":3,"column":30}},"1":{"start":{"line":4,"column":13},"end":{"line":4,"column":38}},"2":{"start":{"line":5,"column":16},"end":{"line":5,"column":44}},"3":{"start":{"line":6,"column":24},"end":{"line":6,"column":52}},"4":{"start":{"line":10,"column":2},"end":{"line":10,"column":38}},"5":{"start":{"line":12,"column":2},"end":{"line":12,"column":42}},"6":{"start":{"line":14,"column":2},"end":{"line":20,"column":5}},"7":{"start":{"line":21,"column":2},"end":{"line":27,"column":5}},"8":{"start":{"line":28,"column":2},"end":{"line":34,"column":5}},"9":{"start":{"line":36,"column":2},"end":{"line":43,"column":5}},"10":{"start":{"line":44,"column":2},"end":{"line":51,"column":5}},"11":{"start":{"line":52,"column":2},"end":{"line":59,"column":5}},"12":{"start":{"line":63,"column":2},"end":{"line":63,"column":26}},"13":{"start":{"line":67,"column":2},"end":{"line":67,"column":29}},"14":{"start":{"line":71,"column":2},"end":{"line":71,"column":17}},"15":{"start":{"line":74,"column":16},"end":{"line":74,"column":62}},"16":{"start":{"line":75,"column":16},"end":{"line":75,"column":63}},"17":{"start":{"line":77,"column":0},"end":{"line":84,"column":2}}},"fnMap":{"0":{"name":"commonBeforeAll","decl":{"start":{"line":8,"column":15},"end":{"line":8,"column":30}},"loc":{"start":{"line":8,"column":33},"end":{"line":60,"column":1}},"line":8},"1":{"name":"commonBeforeEach","decl":{"start":{"line":62,"column":15},"end":{"line":62,"column":31}},"loc":{"start":{"line":62,"column":34},"end":{"line":64,"column":1}},"line":62},"2":{"name":"commonAfterEach","decl":{"start":{"line":66,"column":15},"end":{"line":66,"column":30}},"loc":{"start":{"line":66,"column":33},"end":{"line":68,"column":1}},"line":66},"3":{"name":"commonAfterAll","decl":{"start":{"line":70,"column":15},"end":{"line":70,"column":29}},"loc":{"start":{"line":70,"column":32},"end":{"line":72,"column":1}},"line":70}},"branchMap":{},"s":{"0":4,"1":4,"2":4,"3":4,"4":4,"5":4,"6":4,"7":4,"8":4,"9":4,"10":4,"11":4,"12":61,"13":61,"14":4,"15":4,"16":4,"17":4},"f":{"0":4,"1":61,"2":61,"3":4},"b":{},"_coverageSchema":"1a1c01bbd47fc00a2c39e90264f33305004495a9","hash":"1dc879cf19eb2e970c7e0564490d544c67a71c90"}
,"/Users/ericsohng/Rithm/Week_7/express-jobly/routes/auth.js": {"path":"/Users/ericsohng/Rithm/Week_7/express-jobly/routes/auth.js","statementMap":{"0":{"start":{"line":5,"column":19},"end":{"line":5,"column":40}},"1":{"start":{"line":7,"column":13},"end":{"line":7,"column":38}},"2":{"start":{"line":8,"column":16},"end":{"line":8,"column":34}},"3":{"start":{"line":9,"column":15},"end":{"line":9,"column":35}},"4":{"start":{"line":10,"column":24},"end":{"line":10,"column":52}},"5":{"start":{"line":11,"column":23},"end":{"line":11,"column":58}},"6":{"start":{"line":12,"column":27},"end":{"line":12,"column":66}},"7":{"start":{"line":13,"column":28},"end":{"line":13,"column":54}},"8":{"start":{"line":22,"column":0},"end":{"line":33,"column":3}},"9":{"start":{"line":23,"column":20},"end":{"line":23,"column":65}},"10":{"start":{"line":24,"column":2},"end":{"line":27,"column":3}},"11":{"start":{"line":25,"column":17},"end":{"line":25,"column":51}},"12":{"start":{"line":25,"column":43},"end":{"line":25,"column":50}},"13":{"start":{"line":26,"column":4},"end":{"line":26,"column":36}},"14":{"start":{"line":29,"column":33},"end":{"line":29,"column":41}},"15":{"start":{"line":30,"column":15},"end":{"line":30,"column":58}},"16":{"start":{"line":31,"column":16},"end":{"line":31,"column":33}},"17":{"start":{"line":32,"column":2},"end":{"line":32,"column":29}},"18":{"start":{"line":45,"column":0},"end":{"line":55,"column":3}},"19":{"start":{"line":46,"column":20},"end":{"line":46,"column":69}},"20":{"start":{"line":47,"column":2},"end":{"line":50,"column":3}},"21":{"start":{"line":48,"column":17},"end":{"line":48,"column":51}},"22":{"start":{"line":48,"column":43},"end":{"line":48,"column":50}},"23":{"start":{"line":49,"column":4},"end":{"line":49,"column":36}},"24":{"start":{"line":52,"column":18},"end":{"line":52,"column":70}},"25":{"start":{"line":53,"column":16},"end":{"line":53,"column":36}},"26":{"start":{"line":54,"column":2},"end":{"line":54,"column":41}},"27":{"start":{"line":58,"column":0},"end":{"line":58,"column":24}}},"fnMap":{"0":{"name":"(anonymous_0)","decl":{"start":{"line":22,"column":22},"end":{"line":22,"column":23}},"loc":{"start":{"line":22,"column":54},"end":{"line":33,"column":1}},"line":22},"1":{"name":"(anonymous_1)","decl":{"start":{"line":25,"column":38},"end":{"line":25,"column":39}},"loc":{"start":{"line":25,"column":43},"end":{"line":25,"column":50}},"line":25},"2":{"name":"(anonymous_2)","decl":{"start":{"line":45,"column":25},"end":{"line":45,"column":26}},"loc":{"start":{"line":45,"column":57},"end":{"line":55,"column":1}},"line":45},"3":{"name":"(anonymous_3)","decl":{"start":{"line":48,"column":38},"end":{"line":48,"column":39}},"loc":{"start":{"line":48,"column":43},"end":{"line":48,"column":50}},"line":48}},"branchMap":{"0":{"loc":{"start":{"line":24,"column":2},"end":{"line":27,"column":3}},"type":"if","locations":[{"start":{"line":24,"column":2},"end":{"line":27,"column":3}},{"start":{},"end":{}}],"line":24},"1":{"loc":{"start":{"line":47,"column":2},"end":{"line":50,"column":3}},"type":"if","locations":[{"start":{"line":47,"column":2},"end":{"line":50,"column":3}},{"start":{},"end":{}}],"line":47}},"s":{"0":5,"1":5,"2":5,"3":5,"4":5,"5":5,"6":5,"7":5,"8":5,"9":5,"10":5,"11":2,"12":2,"13":2,"14":3,"15":3,"16":1,"17":1,"18":5,"19":3,"20":3,"21":2,"22":5,"23":2,"24":1,"25":1,"26":1,"27":5},"f":{"0":5,"1":2,"2":3,"3":5},"b":{"0":[2,3],"1":[2,1]},"_coverageSchema":"1a1c01bbd47fc00a2c39e90264f33305004495a9","hash":"13d30f32b5f061c2747eff711dcd51ed10ca2f59"}
,"/Users/ericsohng/Rithm/Week_7/express-jobly/routes/companies.js": {"path":"/Users/ericsohng/Rithm/Week_7/express-jobly/routes/companies.js","statementMap":{"0":{"start":{"line":5,"column":19},"end":{"line":5,"column":40}},"1":{"start":{"line":6,"column":16},"end":{"line":6,"column":34}},"2":{"start":{"line":8,"column":28},"end":{"line":8,"column":54}},"3":{"start":{"line":9,"column":42},"end":{"line":9,"column":71}},"4":{"start":{"line":10,"column":16},"end":{"line":10,"column":44}},"5":{"start":{"line":12,"column":25},"end":{"line":12,"column":62}},"6":{"start":{"line":13,"column":28},"end":{"line":13,"column":68}},"7":{"start":{"line":15,"column":15},"end":{"line":15,"column":35}},"8":{"start":{"line":26,"column":0},"end":{"line":35,"column":3}},"9":{"start":{"line":27,"column":19},"end":{"line":27,"column":66}},"10":{"start":{"line":28,"column":1},"end":{"line":31,"column":2}},"11":{"start":{"line":29,"column":15},"end":{"line":29,"column":51}},"12":{"start":{"line":29,"column":43},"end":{"line":29,"column":50}},"13":{"start":{"line":30,"column":2},"end":{"line":30,"column":34}},"14":{"start":{"line":33,"column":17},"end":{"line":33,"column":47}},"15":{"start":{"line":34,"column":1},"end":{"line":34,"column":42}},"16":{"start":{"line":48,"column":0},"end":{"line":58,"column":3}},"17":{"start":{"line":51,"column":1},"end":{"line":55,"column":2}},"18":{"start":{"line":52,"column":2},"end":{"line":52,"column":52}},"19":{"start":{"line":54,"column":2},"end":{"line":54,"column":38}},"20":{"start":{"line":57,"column":1},"end":{"line":57,"column":32}},"21":{"start":{"line":68,"column":0},"end":{"line":71,"column":3}},"22":{"start":{"line":69,"column":17},"end":{"line":69,"column":53}},"23":{"start":{"line":70,"column":1},"end":{"line":70,"column":30}},"24":{"start":{"line":84,"column":0},"end":{"line":93,"column":3}},"25":{"start":{"line":85,"column":19},"end":{"line":85,"column":69}},"26":{"start":{"line":86,"column":1},"end":{"line":89,"column":2}},"27":{"start":{"line":87,"column":15},"end":{"line":87,"column":51}},"28":{"start":{"line":87,"column":43},"end":{"line":87,"column":50}},"29":{"start":{"line":88,"column":2},"end":{"line":88,"column":34}},"30":{"start":{"line":91,"column":17},"end":{"line":91,"column":66}},"31":{"start":{"line":92,"column":1},"end":{"line":92,"column":30}},"32":{"start":{"line":100,"column":0},"end":{"line":103,"column":3}},"33":{"start":{"line":101,"column":1},"end":{"line":101,"column":41}},"34":{"start":{"line":102,"column":1},"end":{"line":102,"column":49}},"35":{"start":{"line":105,"column":0},"end":{"line":105,"column":24}}},"fnMap":{"0":{"name":"(anonymous_0)","decl":{"start":{"line":26,"column":32},"end":{"line":26,"column":33}},"loc":{"start":{"line":26,"column":64},"end":{"line":35,"column":1}},"line":26},"1":{"name":"(anonymous_1)","decl":{"start":{"line":29,"column":36},"end":{"line":29,"column":37}},"loc":{"start":{"line":29,"column":43},"end":{"line":29,"column":50}},"line":29},"2":{"name":"(anonymous_2)","decl":{"start":{"line":48,"column":16},"end":{"line":48,"column":17}},"loc":{"start":{"line":48,"column":48},"end":{"line":58,"column":1}},"line":48},"3":{"name":"(anonymous_3)","decl":{"start":{"line":68,"column":23},"end":{"line":68,"column":24}},"loc":{"start":{"line":68,"column":55},"end":{"line":71,"column":1}},"line":68},"4":{"name":"(anonymous_4)","decl":{"start":{"line":84,"column":40},"end":{"line":84,"column":41}},"loc":{"start":{"line":84,"column":72},"end":{"line":93,"column":1}},"line":84},"5":{"name":"(anonymous_5)","decl":{"start":{"line":87,"column":36},"end":{"line":87,"column":37}},"loc":{"start":{"line":87,"column":43},"end":{"line":87,"column":50}},"line":87},"6":{"name":"(anonymous_6)","decl":{"start":{"line":100,"column":41},"end":{"line":100,"column":42}},"loc":{"start":{"line":100,"column":73},"end":{"line":103,"column":1}},"line":100}},"branchMap":{"0":{"loc":{"start":{"line":28,"column":1},"end":{"line":31,"column":2}},"type":"if","locations":[{"start":{"line":28,"column":1},"end":{"line":31,"column":2}},{"start":{},"end":{}}],"line":28},"1":{"loc":{"start":{"line":51,"column":1},"end":{"line":55,"column":2}},"type":"if","locations":[{"start":{"line":51,"column":1},"end":{"line":55,"column":2}},{"start":{"line":53,"column":8},"end":{"line":55,"column":2}}],"line":51},"2":{"loc":{"start":{"line":86,"column":1},"end":{"line":89,"column":2}},"type":"if","locations":[{"start":{"line":86,"column":1},"end":{"line":89,"column":2}},{"start":{},"end":{}}],"line":86}},"s":{"0":5,"1":5,"2":5,"3":5,"4":5,"5":5,"6":5,"7":5,"8":5,"9":3,"10":3,"11":2,"12":3,"13":2,"14":1,"15":1,"16":5,"17":5,"18":3,"19":2,"20":3,"21":5,"22":3,"23":2,"24":5,"25":4,"26":4,"27":2,"28":2,"29":2,"30":2,"31":1,"32":5,"33":2,"34":1,"35":5},"f":{"0":3,"1":3,"2":5,"3":3,"4":4,"5":2,"6":2},"b":{"0":[2,1],"1":[3,2],"2":[2,2]},"_coverageSchema":"1a1c01bbd47fc00a2c39e90264f33305004495a9","hash":"8b0d9f3f2460e240d294ebba1bd67db6860324e2"}
,"/Users/ericsohng/Rithm/Week_7/express-jobly/routes/jobs.js": {"path":"/Users/ericsohng/Rithm/Week_7/express-jobly/routes/jobs.js","statementMap":{"0":{"start":{"line":5,"column":19},"end":{"line":5,"column":40}},"1":{"start":{"line":6,"column":16},"end":{"line":6,"column":34}},"2":{"start":{"line":8,"column":28},"end":{"line":8,"column":54}},"3":{"start":{"line":9,"column":42},"end":{"line":9,"column":71}},"4":{"start":{"line":10,"column":12},"end":{"line":10,"column":36}},"5":{"start":{"line":12,"column":21},"end":{"line":12,"column":54}},"6":{"start":{"line":13,"column":24},"end":{"line":13,"column":60}},"7":{"start":{"line":15,"column":15},"end":{"line":15,"column":35}},"8":{"start":{"line":26,"column":0},"end":{"line":35,"column":3}},"9":{"start":{"line":27,"column":19},"end":{"line":27,"column":62}},"10":{"start":{"line":28,"column":1},"end":{"line":31,"column":2}},"11":{"start":{"line":29,"column":15},"end":{"line":29,"column":51}},"12":{"start":{"line":29,"column":43},"end":{"line":29,"column":50}},"13":{"start":{"line":30,"column":2},"end":{"line":30,"column":34}},"14":{"start":{"line":33,"column":13},"end":{"line":33,"column":39}},"15":{"start":{"line":34,"column":1},"end":{"line":34,"column":38}},"16":{"start":{"line":48,"column":0},"end":{"line":58,"column":3}},"17":{"start":{"line":51,"column":1},"end":{"line":55,"column":2}},"18":{"start":{"line":52,"column":2},"end":{"line":52,"column":43}},"19":{"start":{"line":54,"column":2},"end":{"line":54,"column":29}},"20":{"start":{"line":57,"column":1},"end":{"line":57,"column":27}},"21":{"start":{"line":68,"column":0},"end":{"line":71,"column":3}},"22":{"start":{"line":69,"column":13},"end":{"line":69,"column":51}},"23":{"start":{"line":70,"column":1},"end":{"line":70,"column":26}},"24":{"start":{"line":73,"column":0},"end":{"line":73,"column":24}}},"fnMap":{"0":{"name":"(anonymous_0)","decl":{"start":{"line":26,"column":32},"end":{"line":26,"column":33}},"loc":{"start":{"line":26,"column":64},"end":{"line":35,"column":1}},"line":26},"1":{"name":"(anonymous_1)","decl":{"start":{"line":29,"column":36},"end":{"line":29,"column":37}},"loc":{"start":{"line":29,"column":43},"end":{"line":29,"column":50}},"line":29},"2":{"name":"(anonymous_2)","decl":{"start":{"line":48,"column":16},"end":{"line":48,"column":17}},"loc":{"start":{"line":48,"column":48},"end":{"line":58,"column":1}},"line":48},"3":{"name":"(anonymous_3)","decl":{"start":{"line":68,"column":19},"end":{"line":68,"column":20}},"loc":{"start":{"line":68,"column":51},"end":{"line":71,"column":1}},"line":68}},"branchMap":{"0":{"loc":{"start":{"line":28,"column":1},"end":{"line":31,"column":2}},"type":"if","locations":[{"start":{"line":28,"column":1},"end":{"line":31,"column":2}},{"start":{},"end":{}}],"line":28},"1":{"loc":{"start":{"line":51,"column":1},"end":{"line":55,"column":2}},"type":"if","locations":[{"start":{"line":51,"column":1},"end":{"line":55,"column":2}},{"start":{"line":53,"column":8},"end":{"line":55,"column":2}}],"line":51}},"s":{"0":5,"1":5,"2":5,"3":5,"4":5,"5":5,"6":5,"7":5,"8":5,"9":3,"10":3,"11":2,"12":4,"13":2,"14":1,"15":1,"16":5,"17":0,"18":0,"19":0,"20":0,"21":5,"22":0,"23":0,"24":5},"f":{"0":3,"1":4,"2":0,"3":0},"b":{"0":[2,1],"1":[0,0]},"_coverageSchema":"1a1c01bbd47fc00a2c39e90264f33305004495a9","hash":"af4a666bac4a66f30e65ec246de92db5fa1487f7"}
,"/Users/ericsohng/Rithm/Week_7/express-jobly/routes/users.js": {"path":"/Users/ericsohng/Rithm/Week_7/express-jobly/routes/users.js","statementMap":{"0":{"start":{"line":5,"column":19},"end":{"line":5,"column":40}},"1":{"start":{"line":7,"column":16},"end":{"line":7,"column":34}},"2":{"start":{"line":12,"column":4},"end":{"line":12,"column":33}},"3":{"start":{"line":13,"column":28},"end":{"line":13,"column":54}},"4":{"start":{"line":14,"column":13},"end":{"line":14,"column":38}},"5":{"start":{"line":15,"column":24},"end":{"line":15,"column":52}},"6":{"start":{"line":16,"column":22},"end":{"line":16,"column":56}},"7":{"start":{"line":17,"column":25},"end":{"line":17,"column":62}},"8":{"start":{"line":19,"column":15},"end":{"line":19,"column":31}},"9":{"start":{"line":33,"column":0},"end":{"line":43,"column":3}},"10":{"start":{"line":34,"column":20},"end":{"line":34,"column":64}},"11":{"start":{"line":35,"column":2},"end":{"line":38,"column":3}},"12":{"start":{"line":36,"column":17},"end":{"line":36,"column":53}},"13":{"start":{"line":36,"column":45},"end":{"line":36,"column":52}},"14":{"start":{"line":37,"column":4},"end":{"line":37,"column":36}},"15":{"start":{"line":40,"column":15},"end":{"line":40,"column":44}},"16":{"start":{"line":41,"column":16},"end":{"line":41,"column":33}},"17":{"start":{"line":42,"column":2},"end":{"line":42,"column":47}},"18":{"start":{"line":52,"column":0},"end":{"line":55,"column":3}},"19":{"start":{"line":53,"column":16},"end":{"line":53,"column":36}},"20":{"start":{"line":54,"column":2},"end":{"line":54,"column":29}},"21":{"start":{"line":64,"column":0},"end":{"line":71,"column":2}},"22":{"start":{"line":68,"column":17},"end":{"line":68,"column":52}},"23":{"start":{"line":69,"column":4},"end":{"line":69,"column":30}},"24":{"start":{"line":83,"column":0},"end":{"line":96,"column":2}},"25":{"start":{"line":87,"column":22},"end":{"line":87,"column":69}},"26":{"start":{"line":88,"column":4},"end":{"line":91,"column":5}},"27":{"start":{"line":89,"column":19},"end":{"line":89,"column":55}},"28":{"start":{"line":89,"column":47},"end":{"line":89,"column":54}},"29":{"start":{"line":90,"column":6},"end":{"line":90,"column":38}},"30":{"start":{"line":93,"column":17},"end":{"line":93,"column":65}},"31":{"start":{"line":94,"column":4},"end":{"line":94,"column":30}},"32":{"start":{"line":103,"column":0},"end":{"line":110,"column":2}},"33":{"start":{"line":107,"column":4},"end":{"line":107,"column":43}},"34":{"start":{"line":108,"column":4},"end":{"line":108,"column":54}},"35":{"start":{"line":112,"column":0},"end":{"line":112,"column":24}}},"fnMap":{"0":{"name":"(anonymous_0)","decl":{"start":{"line":33,"column":32},"end":{"line":33,"column":33}},"loc":{"start":{"line":33,"column":64},"end":{"line":43,"column":1}},"line":33},"1":{"name":"(anonymous_1)","decl":{"start":{"line":36,"column":38},"end":{"line":36,"column":39}},"loc":{"start":{"line":36,"column":45},"end":{"line":36,"column":52}},"line":36},"2":{"name":"(anonymous_2)","decl":{"start":{"line":52,"column":31},"end":{"line":52,"column":32}},"loc":{"start":{"line":52,"column":63},"end":{"line":55,"column":1}},"line":52},"3":{"name":"(anonymous_3)","decl":{"start":{"line":67,"column":2},"end":{"line":67,"column":3}},"loc":{"start":{"line":67,"column":34},"end":{"line":70,"column":3}},"line":67},"4":{"name":"(anonymous_4)","decl":{"start":{"line":86,"column":2},"end":{"line":86,"column":3}},"loc":{"start":{"line":86,"column":34},"end":{"line":95,"column":3}},"line":86},"5":{"name":"(anonymous_5)","decl":{"start":{"line":89,"column":40},"end":{"line":89,"column":41}},"loc":{"start":{"line":89,"column":47},"end":{"line":89,"column":54}},"line":89},"6":{"name":"(anonymous_6)","decl":{"start":{"line":106,"column":2},"end":{"line":106,"column":3}},"loc":{"start":{"line":106,"column":34},"end":{"line":109,"column":3}},"line":106}},"branchMap":{"0":{"loc":{"start":{"line":35,"column":2},"end":{"line":38,"column":3}},"type":"if","locations":[{"start":{"line":35,"column":2},"end":{"line":38,"column":3}},{"start":{},"end":{}}],"line":35},"1":{"loc":{"start":{"line":88,"column":4},"end":{"line":91,"column":5}},"type":"if","locations":[{"start":{"line":88,"column":4},"end":{"line":91,"column":5}},{"start":{},"end":{}}],"line":88}},"s":{"0":5,"1":5,"2":5,"3":5,"4":5,"5":5,"6":5,"7":5,"8":5,"9":5,"10":4,"11":4,"12":2,"13":5,"14":2,"15":2,"16":2,"17":2,"18":5,"19":2,"20":1,"21":5,"22":3,"23":2,"24":5,"25":5,"26":5,"27":1,"28":1,"29":1,"30":4,"31":3,"32":5,"33":3,"34":2,"35":5},"f":{"0":4,"1":5,"2":2,"3":3,"4":5,"5":1,"6":3},"b":{"0":[2,2],"1":[1,4]},"_coverageSchema":"1a1c01bbd47fc00a2c39e90264f33305004495a9","hash":"74a6d2e9d78908cd5dc4be98b62116c029d82b8e"}
}
