TN:
SF:app.js
FN:30,(anonymous_0)
FN:35,(anonymous_1)
FNF:2
FNH:1
FNDA:0,(anonymous_0)
FNDA:11,(anonymous_1)
DA:5,1
DA:6,1
DA:8,1
DA:10,1
DA:11,1
DA:12,1
DA:13,1
DA:15,1
DA:17,1
DA:19,1
DA:20,1
DA:21,1
DA:22,1
DA:24,1
DA:25,1
DA:26,1
DA:30,1
DA:31,0
DA:35,1
DA:36,11
DA:37,11
DA:38,11
DA:40,11
DA:45,1
LF:24
LH:23
BRDA:36,0,0,0
BRDA:36,0,1,11
BRDA:37,1,0,11
BRDA:37,1,1,1
BRF:4
BRH:3
end_of_record
TN:
SF:config.js
FN:13,getDatabaseUri
FNF:1
FNH:1
FNDA:2,getDatabaseUri
DA:5,1
DA:6,1
DA:8,1
DA:10,1
DA:14,2
DA:22,1
DA:24,1
DA:25,1
DA:26,1
DA:27,1
DA:28,1
DA:29,1
DA:31,1
LF:13
LH:13
BRDA:8,0,0,1
BRDA:8,0,1,1
BRDA:10,1,0,1
BRDA:10,1,1,1
BRDA:14,2,0,2
BRDA:14,2,1,0
BRDA:16,3,0,0
BRDA:16,3,1,0
BRDA:22,4,0,1
BRDA:22,4,1,0
BRF:10
BRH:6
end_of_record
TN:
SF:db.js
FNF:0
FNH:0
DA:5,1
DA:6,1
DA:8,1
DA:12,1
DA:14,1
LF:5
LH:5
BRF:0
BRH:0
end_of_record
TN:
SF:expressError.js
FN:8,(anonymous_0)
FN:18,(anonymous_1)
FN:26,(anonymous_2)
FN:34,(anonymous_3)
FN:42,(anonymous_4)
FNF:5
FNH:4
FNDA:10,(anonymous_0)
FNDA:3,(anonymous_1)
FNDA:2,(anonymous_2)
FNDA:5,(anonymous_3)
FNDA:0,(anonymous_4)
DA:9,10
DA:10,10
DA:11,10
DA:19,3
DA:27,2
DA:35,5
DA:43,0
DA:47,1
LF:8
LH:7
BRDA:18,0,0,0
BRDA:26,1,0,2
BRDA:34,2,0,0
BRDA:42,3,0,0
BRF:4
BRH:1
end_of_record
TN:
SF:helpers/sql.js
FN:22,sqlForPartialUpdate
FN:28,(anonymous_1)
FN:55,sqlForCompanyFilterSearch
FNF:3
FNH:3
FNDA:2,sqlForPartialUpdate
FNDA:2,(anonymous_1)
FNDA:3,sqlForCompanyFilterSearch
DA:1,1
DA:23,2
DA:24,2
DA:27,2
DA:28,2
DA:31,2
DA:56,3
DA:57,0
DA:62,3
DA:63,3
DA:64,3
DA:66,3
DA:67,4
DA:68,2
DA:69,2
DA:70,2
DA:71,1
DA:72,1
DA:73,0
DA:75,1
DA:79,2
DA:85,1
LF:22
LH:20
BRDA:24,0,0,0
BRDA:24,0,1,2
BRDA:28,1,0,2
BRDA:28,1,1,2
BRDA:56,2,0,0
BRDA:56,2,1,3
BRDA:67,3,0,2
BRDA:67,3,1,2
BRDA:70,4,0,1
BRDA:70,4,1,1
BRDA:72,5,0,0
BRDA:72,5,1,1
BRF:12
BRH:9
end_of_record
TN:
SF:helpers/tokens.js
FN:6,createToken
FNF:1
FNH:1
FNDA:1,createToken
DA:1,1
DA:2,1
DA:7,1
DA:10,1
DA:15,1
DA:18,1
LF:6
LH:6
BRDA:12,0,0,1
BRDA:12,0,1,1
BRF:2
BRH:2
end_of_record
TN:
SF:middleware/auth.js
FN:18,authenticateJWT
FN:36,ensureLoggedIn
FNF:2
FNH:2
FNDA:19,authenticateJWT
FNDA:11,ensureLoggedIn
DA:5,1
DA:6,1
DA:7,1
DA:19,19
DA:20,19
DA:21,19
DA:22,10
DA:23,10
DA:25,19
DA:27,0
DA:37,11
DA:38,11
DA:39,9
DA:41,2
DA:46,1
LF:15
LH:14
BRDA:20,0,0,19
BRDA:20,0,1,19
BRDA:21,1,0,10
BRDA:21,1,1,9
BRDA:38,2,0,2
BRDA:38,2,1,9
BRF:6
BRH:6
end_of_record
TN:
SF:models/company.js
FN:22,(anonymous_0)
FN:55,(anonymous_1)
FN:76,(anonymous_2)
FN:101,(anonymous_3)
FN:132,(anonymous_4)
FN:157,(anonymous_5)
FNF:6
FNH:6
FNDA:4,(anonymous_0)
FNDA:2,(anonymous_1)
FNDA:3,(anonymous_2)
FNDA:3,(anonymous_3)
FNDA:2,(anonymous_4)
FNDA:2,(anonymous_5)
DA:3,1
DA:4,1
DA:8,1
DA:23,4
DA:30,4
DA:31,0
DA:33,4
DA:45,4
DA:47,4
DA:56,2
DA:65,1
DA:77,3
DA:79,2
DA:90,2
DA:102,3
DA:113,3
DA:115,3
DA:117,2
DA:133,2
DA:137,2
DA:139,2
DA:144,2
DA:145,2
DA:147,2
DA:149,1
DA:158,2
DA:165,2
DA:167,2
DA:171,1
LF:29
LH:28
BRDA:30,0,0,0
BRDA:30,0,1,4
BRDA:115,1,0,1
BRDA:115,1,1,2
BRDA:147,2,0,1
BRDA:147,2,1,1
BRDA:167,3,0,1
BRDA:167,3,1,1
BRF:8
BRH:7
end_of_record
TN:
SF:models/user.js
FN:24,(anonymous_0)
FN:59,(anonymous_1)
FN:103,(anonymous_2)
FN:125,(anonymous_3)
FN:161,(anonymous_4)
FN:192,(anonymous_5)
FNF:6
FNH:1
FNDA:0,(anonymous_0)
FNDA:3,(anonymous_1)
FNDA:0,(anonymous_2)
FNDA:0,(anonymous_3)
FNDA:0,(anonymous_4)
FNDA:0,(anonymous_5)
DA:3,1
DA:4,1
DA:5,1
DA:10,1
DA:12,1
DA:26,0
DA:38,0
DA:40,0
DA:42,0
DA:43,0
DA:44,0
DA:45,0
DA:49,0
DA:67,3
DA:74,3
DA:75,0
DA:78,3
DA:80,3
DA:93,3
DA:95,3
DA:104,0
DA:114,0
DA:126,0
DA:137,0
DA:139,0
DA:141,0
DA:162,0
DA:163,0
DA:166,0
DA:171,0
DA:173,0
DA:181,0
DA:182,0
DA:184,0
DA:186,0
DA:187,0
DA:193,0
DA:200,0
DA:202,0
DA:206,1
LF:40
LH:12
BRDA:40,0,0,0
BRDA:40,0,1,0
BRDA:43,1,0,0
BRDA:43,1,1,0
BRDA:74,2,0,0
BRDA:74,2,1,3
BRDA:139,3,0,0
BRDA:139,3,1,0
BRDA:162,4,0,0
BRDA:162,4,1,0
BRDA:184,5,0,0
BRDA:184,5,1,0
BRDA:202,6,0,0
BRDA:202,6,1,0
BRF:14
BRH:1
end_of_record
TN:
SF:routes/_testCommon.js
FN:8,commonBeforeAll
FN:65,commonBeforeEach
FN:69,commonAfterEach
FN:73,commonAfterAll
FNF:4
FNH:4
FNDA:1,commonBeforeAll
FNDA:19,commonBeforeEach
FNDA:19,commonAfterEach
FNDA:1,commonAfterAll
DA:3,1
DA:4,1
DA:5,1
DA:6,1
DA:10,1
DA:12,1
DA:14,1
DA:22,1
DA:30,1
DA:39,1
DA:47,1
DA:55,1
DA:66,19
DA:70,19
DA:74,1
DA:78,1
DA:81,1
LF:17
LH:17
BRF:0
BRH:0
end_of_record
TN:
SF:routes/auth.js
FN:22,(anonymous_0)
FN:25,(anonymous_1)
FN:45,(anonymous_2)
FN:48,(anonymous_3)
FNF:4
FNH:0
FNDA:0,(anonymous_0)
FNDA:0,(anonymous_1)
FNDA:0,(anonymous_2)
FNDA:0,(anonymous_3)
DA:5,1
DA:7,1
DA:8,1
DA:9,1
DA:10,1
DA:11,1
DA:12,1
DA:13,1
DA:22,1
DA:23,0
DA:24,0
DA:25,0
DA:26,0
DA:29,0
DA:30,0
DA:31,0
DA:32,0
DA:45,1
DA:46,0
DA:47,0
DA:48,0
DA:49,0
DA:52,0
DA:53,0
DA:54,0
DA:58,1
LF:26
LH:11
BRDA:24,0,0,0
BRDA:24,0,1,0
BRDA:47,1,0,0
BRDA:47,1,1,0
BRF:4
BRH:0
end_of_record
TN:
SF:routes/companies.js
FN:26,(anonymous_0)
FN:29,(anonymous_1)
FN:48,(anonymous_2)
FN:68,(anonymous_3)
FN:84,(anonymous_4)
FN:87,(anonymous_5)
FN:100,(anonymous_6)
FNF:7
FNH:7
FNDA:3,(anonymous_0)
FNDA:3,(anonymous_1)
FNDA:5,(anonymous_2)
FNDA:3,(anonymous_3)
FNDA:4,(anonymous_4)
FNDA:2,(anonymous_5)
FNDA:2,(anonymous_6)
DA:5,1
DA:6,1
DA:8,1
DA:9,1
DA:10,1
DA:12,1
DA:13,1
DA:15,1
DA:26,1
DA:27,3
DA:28,3
DA:29,3
DA:30,2
DA:33,1
DA:34,1
DA:48,1
DA:51,5
DA:52,3
DA:54,2
DA:57,3
DA:68,1
DA:69,3
DA:70,2
DA:84,1
DA:85,4
DA:86,4
DA:87,2
DA:88,2
DA:91,2
DA:92,1
DA:100,1
DA:101,2
DA:102,1
DA:105,1
LF:34
LH:34
BRDA:28,0,0,2
BRDA:28,0,1,1
BRDA:51,1,0,3
BRDA:51,1,1,2
BRDA:86,2,0,2
BRDA:86,2,1,2
BRF:6
BRH:6
end_of_record
TN:
SF:routes/users.js
FN:30,(anonymous_0)
FN:33,(anonymous_1)
FN:50,(anonymous_2)
FN:63,(anonymous_3)
FN:79,(anonymous_4)
FN:82,(anonymous_5)
FN:96,(anonymous_6)
FNF:7
FNH:0
FNDA:0,(anonymous_0)
FNDA:0,(anonymous_1)
FNDA:0,(anonymous_2)
FNDA:0,(anonymous_3)
FNDA:0,(anonymous_4)
FNDA:0,(anonymous_5)
FNDA:0,(anonymous_6)
DA:5,1
DA:7,1
DA:8,1
DA:9,1
DA:10,1
DA:11,1
DA:12,1
DA:13,1
DA:15,1
DA:30,1
DA:31,0
DA:32,0
DA:33,0
DA:34,0
DA:37,0
DA:38,0
DA:39,0
DA:50,1
DA:51,0
DA:52,0
DA:63,1
DA:64,0
DA:65,0
DA:79,1
DA:80,0
DA:81,0
DA:82,0
DA:83,0
DA:86,0
DA:87,0
DA:96,1
DA:97,0
DA:98,0
DA:102,1
LF:34
LH:15
BRDA:32,0,0,0
BRDA:32,0,1,0
BRDA:81,1,0,0
BRDA:81,1,1,0
BRF:4
BRH:0
end_of_record
