TN:
SF:app.js
FN:30,(anonymous_0)
FN:35,(anonymous_1)
FNF:2
FNH:2
FNDA:2,(anonymous_0)
FNDA:31,(anonymous_1)
DA:5,4
DA:6,4
DA:8,4
DA:10,4
DA:11,4
DA:12,4
DA:13,4
DA:15,4
DA:17,4
DA:19,4
DA:20,4
DA:21,4
DA:22,4
DA:24,4
DA:25,4
DA:26,4
DA:30,4
DA:31,2
DA:35,4
DA:36,31
DA:37,31
DA:38,31
DA:40,31
DA:45,4
LF:24
LH:24
BRDA:36,0,0,1
BRDA:36,0,1,30
BRDA:37,1,0,31
BRDA:37,1,1,2
BRF:4
BRH:4
end_of_record
TN:
SF:config.js
FN:13,getDatabaseUri
FNF:1
FNH:1
FNDA:18,getDatabaseUri
DA:5,9
DA:6,9
DA:8,9
DA:10,9
DA:14,18
DA:22,9
DA:24,9
DA:25,9
DA:26,9
DA:27,9
DA:28,9
DA:29,9
DA:31,9
LF:13
LH:13
BRDA:8,0,0,9
BRDA:8,0,1,8
BRDA:10,1,0,9
BRDA:10,1,1,8
BRDA:14,2,0,15
BRDA:14,2,1,3
BRDA:16,3,0,3
BRDA:16,3,1,1
BRDA:22,4,0,8
BRDA:22,4,1,1
BRF:10
BRH:10
end_of_record
TN:
SF:db.js
FNF:0
FNH:0
DA:5,6
DA:6,6
DA:8,6
DA:12,6
DA:14,6
LF:5
LH:5
BRF:0
BRH:0
end_of_record
TN:
SF:expressError.js
FN:8,(anonymous_0)
FN:18,(anonymous_1)
FN:26,(anonymous_2)
FN:34,(anonymous_3)
FN:42,(anonymous_4)
FNF:5
FNH:4
FNDA:47,(anonymous_0)
FNDA:14,(anonymous_1)
FNDA:12,(anonymous_2)
FNDA:21,(anonymous_3)
FNDA:0,(anonymous_4)
DA:9,47
DA:10,47
DA:11,47
DA:19,14
DA:27,12
DA:35,21
DA:43,0
DA:47,8
LF:8
LH:7
BRDA:18,0,0,2
BRDA:26,1,0,8
BRDA:34,2,0,0
BRDA:42,3,0,0
BRF:4
BRH:2
end_of_record
TN:
SF:helpers/sql.js
FN:24,sqlForPartialUpdate
FN:30,(anonymous_1)
FNF:2
FNH:2
FNDA:15,sqlForPartialUpdate
FNDA:25,(anonymous_1)
DA:1,7
DA:25,15
DA:26,15
DA:29,12
DA:30,25
DA:33,12
DA:39,7
LF:7
LH:7
BRDA:26,0,0,3
BRDA:26,0,1,12
BRDA:30,1,0,25
BRDA:30,1,1,12
BRF:4
BRH:4
end_of_record
TN:
SF:helpers/tokens.js
FN:6,createToken
FNF:1
FNH:1
FNDA:10,createToken
DA:1,5
DA:2,5
DA:7,10
DA:10,10
DA:15,10
DA:18,5
LF:6
LH:6
BRDA:12,0,0,10
BRDA:12,0,1,8
BRF:2
BRH:2
end_of_record
TN:
SF:middleware/auth.js
FN:17,authenticateJWT
FN:35,ensureLoggedIn
FN:49,ensureIsAdmin
FNF:3
FNH:3
FNDA:51,authenticateJWT
FNDA:32,ensureLoggedIn
FNDA:9,ensureIsAdmin
DA:5,5
DA:6,5
DA:7,5
DA:18,51
DA:19,51
DA:20,51
DA:21,26
DA:22,26
DA:24,50
DA:26,1
DA:36,32
DA:37,32
DA:38,24
DA:40,8
DA:50,9
DA:52,9
DA:54,0
DA:58,5
LF:18
LH:17
BRDA:19,0,0,51
BRDA:19,0,1,50
BRDA:20,1,0,26
BRDA:20,1,1,25
BRDA:37,2,0,8
BRDA:37,2,1,24
BRF:6
BRH:6
end_of_record
TN:
SF:models/_testCommon.js
FN:6,commonBeforeAll
FN:33,commonBeforeEach
FN:37,commonAfterEach
FN:41,commonAfterAll
FNF:4
FNH:4
FNDA:2,commonBeforeAll
FNDA:36,commonBeforeEach
FNDA:36,commonAfterEach
FNDA:2,commonAfterAll
DA:1,2
DA:3,2
DA:4,2
DA:8,2
DA:10,2
DA:12,2
DA:18,2
DA:34,36
DA:38,36
DA:42,2
DA:46,2
LF:11
LH:11
BRF:0
BRH:0
end_of_record
TN:
SF:models/company.js
FN:19,(anonymous_0)
FN:52,(anonymous_1)
FN:73,(anonymous_2)
FN:108,(anonymous_3)
FN:146,(anonymous_4)
FN:177,(anonymous_5)
FN:202,(anonymous_6)
FNF:7
FNH:7
FNDA:13,(anonymous_0)
FNDA:3,(anonymous_1)
FNDA:8,(anonymous_2)
FNDA:13,(anonymous_3)
FNDA:5,(anonymous_4)
FNDA:6,(anonymous_5)
FNDA:4,(anonymous_6)
DA:3,5
DA:4,5
DA:5,5
DA:20,13
DA:27,13
DA:28,1
DA:30,12
DA:42,12
DA:44,12
DA:53,3
DA:62,2
DA:74,8
DA:76,5
DA:87,5
DA:109,13
DA:110,2
DA:115,11
DA:116,11
DA:117,11
DA:119,11
DA:120,19
DA:121,7
DA:122,7
DA:123,12
DA:124,6
DA:125,6
DA:126,3
DA:128,3
DA:132,8
DA:147,5
DA:158,5
DA:160,5
DA:162,3
DA:178,6
DA:182,5
DA:184,5
DA:189,5
DA:190,5
DA:192,5
DA:194,3
DA:203,4
DA:210,4
DA:212,4
DA:216,5
LF:44
LH:44
BRDA:27,0,0,1
BRDA:27,0,1,12
BRDA:109,1,0,2
BRDA:109,1,1,11
BRDA:120,2,0,7
BRDA:120,2,1,12
BRDA:123,3,0,6
BRDA:123,3,1,6
BRDA:125,4,0,3
BRDA:125,4,1,3
BRDA:160,5,0,2
BRDA:160,5,1,3
BRDA:192,6,0,2
BRDA:192,6,1,3
BRDA:212,7,0,2
BRDA:212,7,1,2
BRF:16
BRH:16
end_of_record
TN:
SF:models/user.js
FN:24,(anonymous_0)
FN:59,(anonymous_1)
FN:103,(anonymous_2)
FN:125,(anonymous_3)
FN:161,(anonymous_4)
FN:192,(anonymous_5)
FNF:6
FNH:6
FNDA:7,(anonymous_0)
FNDA:16,(anonymous_1)
FNDA:3,(anonymous_2)
FNDA:4,(anonymous_3)
FNDA:7,(anonymous_4)
FNDA:4,(anonymous_5)
DA:3,5
DA:4,5
DA:5,5
DA:10,5
DA:12,5
DA:26,7
DA:38,7
DA:40,7
DA:42,4
DA:43,4
DA:44,3
DA:45,3
DA:49,4
DA:67,16
DA:74,16
DA:75,1
DA:78,15
DA:80,15
DA:93,15
DA:95,15
DA:104,3
DA:114,2
DA:126,4
DA:137,4
DA:139,4
DA:141,2
DA:162,7
DA:163,2
DA:166,7
DA:171,6
DA:173,6
DA:181,6
DA:182,6
DA:184,6
DA:186,4
DA:187,4
DA:193,4
DA:200,4
DA:202,4
DA:206,5
LF:40
LH:40
BRDA:40,0,0,4
BRDA:40,0,1,3
BRDA:43,1,0,3
BRDA:43,1,1,1
BRDA:74,2,0,1
BRDA:74,2,1,15
BRDA:139,3,0,2
BRDA:139,3,1,2
BRDA:162,4,0,2
BRDA:162,4,1,5
BRDA:184,5,0,2
BRDA:184,5,1,4
BRDA:202,6,0,2
BRDA:202,6,1,2
BRF:14
BRH:14
end_of_record
TN:
SF:routes/_testCommon.js
FN:8,commonBeforeAll
FN:65,commonBeforeEach
FN:69,commonAfterEach
FN:73,commonAfterAll
FNF:4
FNH:4
FNDA:3,commonBeforeAll
FNDA:46,commonBeforeEach
FNDA:46,commonAfterEach
FNDA:3,commonAfterAll
DA:3,3
DA:4,3
DA:5,3
DA:6,3
DA:10,3
DA:12,3
DA:14,3
DA:22,3
DA:30,3
DA:39,3
DA:47,3
DA:55,3
DA:66,46
DA:70,46
DA:74,3
DA:78,3
DA:81,3
LF:17
LH:17
BRF:0
BRH:0
end_of_record
TN:
SF:routes/auth.js
FN:22,(anonymous_0)
FN:25,(anonymous_1)
FN:45,(anonymous_2)
FN:48,(anonymous_3)
FNF:4
FNH:4
FNDA:5,(anonymous_0)
FNDA:2,(anonymous_1)
FNDA:3,(anonymous_2)
FNDA:5,(anonymous_3)
DA:5,4
DA:7,4
DA:8,4
DA:9,4
DA:10,4
DA:11,4
DA:12,4
DA:13,4
DA:22,4
DA:23,5
DA:24,5
DA:25,2
DA:26,2
DA:29,3
DA:30,3
DA:31,1
DA:32,1
DA:45,4
DA:46,3
DA:47,3
DA:48,5
DA:49,2
DA:52,1
DA:53,1
DA:54,1
DA:58,4
LF:26
LH:26
BRDA:24,0,0,2
BRDA:24,0,1,3
BRDA:47,1,0,2
BRDA:47,1,1,1
BRF:4
BRH:4
end_of_record
TN:
SF:routes/companies.js
FN:30,(anonymous_0)
FN:33,(anonymous_1)
FN:53,(anonymous_2)
FN:73,(anonymous_3)
FN:93,(anonymous_4)
FN:96,(anonymous_5)
FN:114,(anonymous_6)
FNF:7
FNH:7
FNDA:3,(anonymous_0)
FNDA:3,(anonymous_1)
FNDA:5,(anonymous_2)
FNDA:3,(anonymous_3)
FNDA:4,(anonymous_4)
FNDA:2,(anonymous_5)
FNDA:2,(anonymous_6)
DA:5,4
DA:6,4
DA:8,4
DA:9,4
DA:10,4
DA:12,4
DA:13,4
DA:15,4
DA:26,4
DA:31,3
DA:32,3
DA:33,3
DA:34,2
DA:37,1
DA:38,1
DA:53,4
DA:56,5
DA:57,3
DA:59,2
DA:62,3
DA:73,4
DA:74,3
DA:75,2
DA:89,4
DA:94,4
DA:95,4
DA:96,2
DA:97,2
DA:100,2
DA:101,1
DA:110,4
DA:115,2
DA:116,1
DA:120,4
LF:34
LH:34
BRDA:32,0,0,2
BRDA:32,0,1,1
BRDA:56,1,0,3
BRDA:56,1,1,2
BRDA:95,2,0,2
BRDA:95,2,1,2
BRF:6
BRH:6
end_of_record
TN:
SF:routes/users.js
FN:30,(anonymous_0)
FN:33,(anonymous_1)
FN:50,(anonymous_2)
FN:63,(anonymous_3)
FN:79,(anonymous_4)
FN:82,(anonymous_5)
FN:96,(anonymous_6)
FNF:7
FNH:7
FNDA:4,(anonymous_0)
FNDA:5,(anonymous_1)
FNDA:2,(anonymous_2)
FNDA:2,(anonymous_3)
FNDA:4,(anonymous_4)
FNDA:1,(anonymous_5)
FNDA:2,(anonymous_6)
DA:5,4
DA:7,4
DA:8,4
DA:9,4
DA:10,4
DA:11,4
DA:12,4
DA:13,4
DA:15,4
DA:30,4
DA:31,4
DA:32,4
DA:33,5
DA:34,2
DA:37,2
DA:38,2
DA:39,2
DA:50,4
DA:51,2
DA:52,1
DA:63,4
DA:64,2
DA:65,1
DA:79,4
DA:80,4
DA:81,4
DA:82,1
DA:83,1
DA:86,3
DA:87,2
DA:96,4
DA:97,2
DA:98,1
DA:102,4
LF:34
LH:34
BRDA:32,0,0,2
BRDA:32,0,1,2
BRDA:81,1,0,1
BRDA:81,1,1,3
BRF:4
BRH:4
end_of_record
